2026-02-22 14:00:22.824 [main] INFO  org.hibernate.Version - HHH000412: Hibernate ORM core version 5.6.15.Final
2026-02-22 14:00:23.280 [main] INFO  o.h.annotations.common.Version - HCANN000001: Hibernate Commons Annotations {5.1.2.Final}
2026-02-22 14:00:23.375 [main] WARN  o.hibernate.orm.connections.pooling - HHH10001002: Using Hibernate built-in connection pool (not for production use!)
2026-02-22 14:00:23.381 [main] INFO  o.hibernate.orm.connections.pooling - HHH10001005: using driver [org.postgresql.Driver] at URL [jdbc:postgresql://localhost:5432/hotel_management]
2026-02-22 14:00:23.382 [main] INFO  o.hibernate.orm.connections.pooling - HHH10001001: Connection properties: {password=****, autocommit=false, user=postgres}
2026-02-22 14:00:23.382 [main] INFO  o.hibernate.orm.connections.pooling - HHH10001003: Autocommit mode: false
2026-02-22 14:00:23.385 [main] INFO  o.h.e.j.c.i.DriverManagerConnectionProviderImpl - HHH000115: Hibernate connection pool size: 20 (min=1)
2026-02-22 14:00:23.625 [main] INFO  org.hibernate.dialect.Dialect - HHH000400: Using dialect: org.hibernate.dialect.PostgreSQLDialect
2026-02-22 14:00:29.306 [main] DEBUG hotel.service.BookingService - getAllBookings()
2026-02-22 14:00:29.542 [main] INFO  hotel.service.BookingService - bookings found
2026-02-22 14:16:52.304 [main] INFO  org.hibernate.Version - HHH000412: Hibernate ORM core version 5.6.15.Final
2026-02-22 14:16:52.612 [main] INFO  o.h.annotations.common.Version - HCANN000001: Hibernate Commons Annotations {5.1.2.Final}
2026-02-22 14:16:52.732 [main] WARN  o.hibernate.orm.connections.pooling - HHH10001002: Using Hibernate built-in connection pool (not for production use!)
2026-02-22 14:16:52.739 [main] INFO  o.hibernate.orm.connections.pooling - HHH10001005: using driver [org.postgresql.Driver] at URL [jdbc:postgresql://localhost:5432/hotel_management]
2026-02-22 14:16:52.739 [main] INFO  o.hibernate.orm.connections.pooling - HHH10001001: Connection properties: {password=****, autocommit=false, user=postgres}
2026-02-22 14:16:52.739 [main] INFO  o.hibernate.orm.connections.pooling - HHH10001003: Autocommit mode: false
2026-02-22 14:16:52.744 [main] INFO  o.h.e.j.c.i.DriverManagerConnectionProviderImpl - HHH000115: Hibernate connection pool size: 20 (min=1)
2026-02-22 14:16:52.918 [main] INFO  org.hibernate.dialect.Dialect - HHH000400: Using dialect: org.hibernate.dialect.PostgreSQLDialect
2026-02-22 14:16:53.412 [main] WARN  o.s.c.a.AnnotationConfigApplicationContext - Exception encountered during context initialization - cancelling refresh attempt: org.springframework.beans.factory.UnsatisfiedDependencyException: Error creating bean with name 'consoleMenuFactory' defined in file [C:\my_program\Java_course\task_14\1\hotel-app\target\classes\hotel\view\ConsoleMenuFactory.class]: Unsatisfied dependency expressed through constructor parameter 1: No qualifying bean of type 'hotel.service.IRoomService' available: expected single matching bean but found 2: modifiableRoomService,readRoomService
2026-02-22 14:17:57.175 [main] INFO  org.hibernate.Version - HHH000412: Hibernate ORM core version 5.6.15.Final
2026-02-22 14:17:57.478 [main] INFO  o.h.annotations.common.Version - HCANN000001: Hibernate Commons Annotations {5.1.2.Final}
2026-02-22 14:17:57.602 [main] WARN  o.hibernate.orm.connections.pooling - HHH10001002: Using Hibernate built-in connection pool (not for production use!)
2026-02-22 14:17:57.605 [main] INFO  o.hibernate.orm.connections.pooling - HHH10001005: using driver [org.postgresql.Driver] at URL [jdbc:postgresql://localhost:5432/hotel_management]
2026-02-22 14:17:57.605 [main] INFO  o.hibernate.orm.connections.pooling - HHH10001001: Connection properties: {password=****, autocommit=false, user=postgres}
2026-02-22 14:17:57.605 [main] INFO  o.hibernate.orm.connections.pooling - HHH10001003: Autocommit mode: false
2026-02-22 14:17:57.608 [main] INFO  o.h.e.j.c.i.DriverManagerConnectionProviderImpl - HHH000115: Hibernate connection pool size: 20 (min=1)
2026-02-22 14:17:57.781 [main] INFO  org.hibernate.dialect.Dialect - HHH000400: Using dialect: org.hibernate.dialect.PostgreSQLDialect
2026-02-22 14:17:58.271 [main] WARN  o.s.c.a.AnnotationConfigApplicationContext - Exception encountered during context initialization - cancelling refresh attempt: org.springframework.beans.factory.UnsatisfiedDependencyException: Error creating bean with name 'consoleMenuFactory' defined in file [C:\my_program\Java_course\task_14\1\hotel-app\target\classes\hotel\view\ConsoleMenuFactory.class]: Unsatisfied dependency expressed through constructor parameter 1: No qualifying bean of type 'hotel.service.IRoomService' available: expected at least 1 bean which qualifies as autowire candidate. Dependency annotations: {}
2026-02-22 14:21:06.117 [main] INFO  org.hibernate.Version - HHH000412: Hibernate ORM core version 5.6.15.Final
2026-02-22 14:21:06.401 [main] INFO  o.h.annotations.common.Version - HCANN000001: Hibernate Commons Annotations {5.1.2.Final}
2026-02-22 14:21:06.525 [main] WARN  o.hibernate.orm.connections.pooling - HHH10001002: Using Hibernate built-in connection pool (not for production use!)
2026-02-22 14:21:06.529 [main] INFO  o.hibernate.orm.connections.pooling - HHH10001005: using driver [org.postgresql.Driver] at URL [jdbc:postgresql://localhost:5432/hotel_management]
2026-02-22 14:21:06.529 [main] INFO  o.hibernate.orm.connections.pooling - HHH10001001: Connection properties: {password=****, autocommit=false, user=postgres}
2026-02-22 14:21:06.529 [main] INFO  o.hibernate.orm.connections.pooling - HHH10001003: Autocommit mode: false
2026-02-22 14:21:06.533 [main] INFO  o.h.e.j.c.i.DriverManagerConnectionProviderImpl - HHH000115: Hibernate connection pool size: 20 (min=1)
2026-02-22 14:21:06.811 [main] INFO  org.hibernate.dialect.Dialect - HHH000400: Using dialect: org.hibernate.dialect.PostgreSQLDialect
2026-02-22 14:21:10.056 [main] DEBUG hotel.service.BookingService - getAllBookings()
2026-02-22 14:22:06.213 [main] INFO  org.hibernate.Version - HHH000412: Hibernate ORM core version 5.6.15.Final
2026-02-22 14:22:06.489 [main] INFO  o.h.annotations.common.Version - HCANN000001: Hibernate Commons Annotations {5.1.2.Final}
2026-02-22 14:22:06.609 [main] WARN  o.hibernate.orm.connections.pooling - HHH10001002: Using Hibernate built-in connection pool (not for production use!)
2026-02-22 14:22:06.613 [main] INFO  o.hibernate.orm.connections.pooling - HHH10001005: using driver [org.postgresql.Driver] at URL [jdbc:postgresql://localhost:5432/hotel_management]
2026-02-22 14:22:06.613 [main] INFO  o.hibernate.orm.connections.pooling - HHH10001001: Connection properties: {password=****, autocommit=false, user=postgres}
2026-02-22 14:22:06.613 [main] INFO  o.hibernate.orm.connections.pooling - HHH10001003: Autocommit mode: false
2026-02-22 14:22:06.615 [main] INFO  o.h.e.j.c.i.DriverManagerConnectionProviderImpl - HHH000115: Hibernate connection pool size: 20 (min=1)
2026-02-22 14:22:06.806 [main] INFO  org.hibernate.dialect.Dialect - HHH000400: Using dialect: org.hibernate.dialect.PostgreSQLDialect
2026-02-22 14:22:12.191 [main] DEBUG hotel.service.BookingService - getAllBookings()
2026-02-22 14:24:27.150 [main] INFO  org.hibernate.Version - HHH000412: Hibernate ORM core version 5.6.15.Final
2026-02-22 14:24:27.442 [main] INFO  o.h.annotations.common.Version - HCANN000001: Hibernate Commons Annotations {5.1.2.Final}
2026-02-22 14:24:27.561 [main] WARN  o.hibernate.orm.connections.pooling - HHH10001002: Using Hibernate built-in connection pool (not for production use!)
2026-02-22 14:24:27.565 [main] INFO  o.hibernate.orm.connections.pooling - HHH10001005: using driver [org.postgresql.Driver] at URL [jdbc:postgresql://localhost:5432/hotel_management]
2026-02-22 14:24:27.565 [main] INFO  o.hibernate.orm.connections.pooling - HHH10001001: Connection properties: {password=****, autocommit=false, user=postgres}
2026-02-22 14:24:27.565 [main] INFO  o.hibernate.orm.connections.pooling - HHH10001003: Autocommit mode: false
2026-02-22 14:24:27.568 [main] INFO  o.h.e.j.c.i.DriverManagerConnectionProviderImpl - HHH000115: Hibernate connection pool size: 20 (min=1)
2026-02-22 14:24:27.739 [main] INFO  org.hibernate.dialect.Dialect - HHH000400: Using dialect: org.hibernate.dialect.PostgreSQLDialect
2026-02-22 14:24:30.122 [main] DEBUG hotel.service.BookingService - getAllBookings()
2026-02-22 14:25:35.956 [main] INFO  org.hibernate.Version - HHH000412: Hibernate ORM core version 5.6.15.Final
2026-02-22 14:25:36.245 [main] INFO  o.h.annotations.common.Version - HCANN000001: Hibernate Commons Annotations {5.1.2.Final}
2026-02-22 14:25:36.380 [main] WARN  o.hibernate.orm.connections.pooling - HHH10001002: Using Hibernate built-in connection pool (not for production use!)
2026-02-22 14:25:36.384 [main] INFO  o.hibernate.orm.connections.pooling - HHH10001005: using driver [org.postgresql.Driver] at URL [jdbc:postgresql://localhost:5432/hotel_management]
2026-02-22 14:25:36.384 [main] INFO  o.hibernate.orm.connections.pooling - HHH10001001: Connection properties: {password=****, autocommit=false, user=postgres}
2026-02-22 14:25:36.384 [main] INFO  o.hibernate.orm.connections.pooling - HHH10001003: Autocommit mode: false
2026-02-22 14:25:36.387 [main] INFO  o.h.e.j.c.i.DriverManagerConnectionProviderImpl - HHH000115: Hibernate connection pool size: 20 (min=1)
2026-02-22 14:25:36.647 [main] INFO  org.hibernate.dialect.Dialect - HHH000400: Using dialect: org.hibernate.dialect.PostgreSQLDialect
2026-02-22 14:25:39.703 [main] DEBUG hotel.service.BookingService - getAllBookings()
2026-02-22 14:26:10.009 [main] INFO  org.hibernate.Version - HHH000412: Hibernate ORM core version 5.6.15.Final
2026-02-22 14:26:10.312 [main] INFO  o.h.annotations.common.Version - HCANN000001: Hibernate Commons Annotations {5.1.2.Final}
2026-02-22 14:26:10.437 [main] WARN  o.hibernate.orm.connections.pooling - HHH10001002: Using Hibernate built-in connection pool (not for production use!)
2026-02-22 14:26:10.441 [main] INFO  o.hibernate.orm.connections.pooling - HHH10001005: using driver [org.postgresql.Driver] at URL [jdbc:postgresql://localhost:5432/hotel_management]
2026-02-22 14:26:10.441 [main] INFO  o.hibernate.orm.connections.pooling - HHH10001001: Connection properties: {password=****, autocommit=false, user=postgres}
2026-02-22 14:26:10.441 [main] INFO  o.hibernate.orm.connections.pooling - HHH10001003: Autocommit mode: false
2026-02-22 14:26:10.443 [main] INFO  o.h.e.j.c.i.DriverManagerConnectionProviderImpl - HHH000115: Hibernate connection pool size: 20 (min=1)
2026-02-22 14:26:10.612 [main] INFO  org.hibernate.dialect.Dialect - HHH000400: Using dialect: org.hibernate.dialect.PostgreSQLDialect
2026-02-22 14:26:14.777 [main] DEBUG hotel.service.BookingService - getAllBookings()
2026-02-22 14:27:43.987 [main] INFO  org.hibernate.Version - HHH000412: Hibernate ORM core version 5.6.15.Final
2026-02-22 14:27:44.288 [main] INFO  o.h.annotations.common.Version - HCANN000001: Hibernate Commons Annotations {5.1.2.Final}
2026-02-22 14:27:44.410 [main] WARN  o.hibernate.orm.connections.pooling - HHH10001002: Using Hibernate built-in connection pool (not for production use!)
2026-02-22 14:27:44.413 [main] INFO  o.hibernate.orm.connections.pooling - HHH10001005: using driver [org.postgresql.Driver] at URL [jdbc:postgresql://localhost:5432/hotel_management]
2026-02-22 14:27:44.413 [main] INFO  o.hibernate.orm.connections.pooling - HHH10001001: Connection properties: {password=****, autocommit=false, user=postgres}
2026-02-22 14:27:44.414 [main] INFO  o.hibernate.orm.connections.pooling - HHH10001003: Autocommit mode: false
2026-02-22 14:27:44.416 [main] INFO  o.h.e.j.c.i.DriverManagerConnectionProviderImpl - HHH000115: Hibernate connection pool size: 20 (min=1)
2026-02-22 14:27:44.582 [main] INFO  org.hibernate.dialect.Dialect - HHH000400: Using dialect: org.hibernate.dialect.PostgreSQLDialect
2026-02-22 14:27:47.649 [main] DEBUG hotel.service.BookingService - getAllBookings()
2026-02-22 14:27:47.793 [main] INFO  hotel.service.BookingService - bookings found
2026-02-22 14:28:40.293 [main] INFO  hotel.service.ClientService - getInfoAboutClientDatabase() with filter: ID
2026-02-22 14:28:40.293 [main] INFO  hotel.service.ClientService - sortClient() with filter: ID
2026-02-22 14:28:40.332 [main] INFO  hotel.service.ClientService - sortClient(): sorted 5 clients
2026-02-22 14:28:40.334 [main] INFO  hotel.service.ClientService - getInfoAboutClientDatabase(): found 5 clients
2026-02-22 14:28:48.423 [main] INFO  hotel.service.ReadRoomService - findAll()
2026-02-22 20:11:38.130 [main] INFO  hotel.HibernateUtil - Creating session factory
2026-02-22 20:11:38.194 [main] INFO  org.hibernate.Version - HHH000412: Hibernate ORM core version 5.6.15.Final
2026-02-22 20:11:38.373 [main] WARN  o.s.c.a.AnnotationConfigApplicationContext - Exception encountered during context initialization - cancelling refresh attempt: org.springframework.beans.factory.UnsatisfiedDependencyException: Error creating bean with name 'appConfig': Unsatisfied dependency expressed through field 'transactionManager': Error creating bean with name 'transactionManager' defined in file [C:\my_program\Java_course\task_14\1\hotel-hibernate\target\classes\hotel\TransactionManager.class]: Failed to instantiate [hotel.TransactionManager]: Constructor threw exception
2026-02-22 20:22:47.956 [main] INFO  hotel.HibernateUtil - Creating session factory
2026-02-22 20:22:48.043 [main] INFO  org.hibernate.Version - HHH000412: Hibernate ORM core version 5.6.15.Final
2026-02-22 20:22:48.376 [main] INFO  o.h.annotations.common.Version - HCANN000001: Hibernate Commons Annotations {5.1.2.Final}
2026-02-22 20:22:48.676 [main] WARN  o.hibernate.orm.connections.pooling - HHH10001002: Using Hibernate built-in connection pool (not for production use!)
2026-02-22 20:22:48.689 [main] INFO  o.hibernate.orm.connections.pooling - HHH10001005: using driver [org.postgresql.Driver] at URL [jdbc:postgresql://localhost:5432/hotel_management]
2026-02-22 20:22:48.690 [main] INFO  o.hibernate.orm.connections.pooling - HHH10001001: Connection properties: {password=****, autocommit=false, user=postgres}
2026-02-22 20:22:48.690 [main] INFO  o.hibernate.orm.connections.pooling - HHH10001003: Autocommit mode: false
2026-02-22 20:22:48.700 [main] INFO  o.h.e.j.c.i.DriverManagerConnectionProviderImpl - HHH000115: Hibernate connection pool size: 20 (min=1)
2026-02-22 20:22:49.223 [main] INFO  org.hibernate.dialect.Dialect - HHH000400: Using dialect: org.hibernate.dialect.PostgreSQLDialect
2026-02-22 20:22:50.915 [main] INFO  hotel.HibernateUtil - Created session factory
2026-02-22 20:22:56.092 [main] DEBUG hotel.service.BookingService - getAllBookings()
2026-02-22 20:23:10.322 [main] INFO  hotel.service.ClientService - getInfoAboutClientDatabase() with filter: ID
2026-02-22 20:25:21.321 [main] INFO  hotel.HibernateUtil - Creating session factory
2026-02-22 20:25:21.417 [main] INFO  org.hibernate.Version - HHH000412: Hibernate ORM core version 5.6.15.Final
2026-02-22 20:25:21.708 [main] INFO  o.h.annotations.common.Version - HCANN000001: Hibernate Commons Annotations {5.1.2.Final}
2026-02-22 20:25:22.077 [main] WARN  o.hibernate.orm.connections.pooling - HHH10001002: Using Hibernate built-in connection pool (not for production use!)
2026-02-22 20:25:22.088 [main] INFO  o.hibernate.orm.connections.pooling - HHH10001005: using driver [org.postgresql.Driver] at URL [jdbc:postgresql://localhost:5432/hotel_management]
2026-02-22 20:25:22.090 [main] INFO  o.hibernate.orm.connections.pooling - HHH10001001: Connection properties: {password=****, autocommit=false, user=postgres}
2026-02-22 20:25:22.090 [main] INFO  o.hibernate.orm.connections.pooling - HHH10001003: Autocommit mode: false
2026-02-22 20:25:22.098 [main] INFO  o.h.e.j.c.i.DriverManagerConnectionProviderImpl - HHH000115: Hibernate connection pool size: 20 (min=1)
2026-02-22 20:25:22.528 [main] INFO  org.hibernate.dialect.Dialect - HHH000400: Using dialect: org.hibernate.dialect.PostgreSQLDialect
2026-02-22 20:25:24.066 [main] INFO  hotel.HibernateUtil - Created session factory
2026-02-22 20:25:27.284 [main] DEBUG hotel.service.BookingService - getAllBookings()
2026-02-22 20:26:29.036 [main] INFO  hotel.HibernateUtil - Creating session factory
2026-02-22 20:26:29.294 [main] INFO  org.hibernate.Version - HHH000412: Hibernate ORM core version 5.6.15.Final
2026-02-22 20:26:30.299 [main] INFO  o.h.annotations.common.Version - HCANN000001: Hibernate Commons Annotations {5.1.2.Final}
2026-02-22 20:26:31.129 [main] WARN  o.hibernate.orm.connections.pooling - HHH10001002: Using Hibernate built-in connection pool (not for production use!)
2026-02-22 20:26:31.149 [main] INFO  o.hibernate.orm.connections.pooling - HHH10001005: using driver [org.postgresql.Driver] at URL [jdbc:postgresql://localhost:5432/hotel_management]
2026-02-22 20:26:31.149 [main] INFO  o.hibernate.orm.connections.pooling - HHH10001001: Connection properties: {password=****, autocommit=false, user=postgres}
2026-02-22 20:26:31.150 [main] INFO  o.hibernate.orm.connections.pooling - HHH10001003: Autocommit mode: false
2026-02-22 20:26:31.166 [main] INFO  o.h.e.j.c.i.DriverManagerConnectionProviderImpl - HHH000115: Hibernate connection pool size: 20 (min=1)
2026-02-22 20:26:32.199 [main] INFO  org.hibernate.dialect.Dialect - HHH000400: Using dialect: org.hibernate.dialect.PostgreSQLDialect
2026-02-22 20:26:35.457 [main] INFO  hotel.HibernateUtil - Created session factory
2026-02-22 20:26:42.545 [main] INFO  hotel.service.ClientService - getInfoAboutClientDatabase() with filter: ID
2026-02-22 20:27:18.368 [main] INFO  hotel.HibernateUtil - Creating session factory
2026-02-22 20:27:18.605 [main] INFO  org.hibernate.Version - HHH000412: Hibernate ORM core version 5.6.15.Final
2026-02-22 20:27:19.508 [main] INFO  o.h.annotations.common.Version - HCANN000001: Hibernate Commons Annotations {5.1.2.Final}
2026-02-22 20:27:20.192 [main] WARN  o.hibernate.orm.connections.pooling - HHH10001002: Using Hibernate built-in connection pool (not for production use!)
2026-02-22 20:27:20.210 [main] INFO  o.hibernate.orm.connections.pooling - HHH10001005: using driver [org.postgresql.Driver] at URL [jdbc:postgresql://localhost:5432/hotel_management]
2026-02-22 20:27:20.210 [main] INFO  o.hibernate.orm.connections.pooling - HHH10001001: Connection properties: {password=****, autocommit=false, user=postgres}
2026-02-22 20:27:20.210 [main] INFO  o.hibernate.orm.connections.pooling - HHH10001003: Autocommit mode: false
2026-02-22 20:27:20.227 [main] INFO  o.h.e.j.c.i.DriverManagerConnectionProviderImpl - HHH000115: Hibernate connection pool size: 20 (min=1)
2026-02-22 20:27:21.280 [main] INFO  org.hibernate.dialect.Dialect - HHH000400: Using dialect: org.hibernate.dialect.PostgreSQLDialect
2026-02-22 20:27:24.189 [main] INFO  hotel.HibernateUtil - Created session factory
2026-02-22 20:27:36.246 [main] INFO  hotel.service.ClientService - getInfoAboutClientDatabase() with filter: ID
2026-02-22 20:28:02.833 [main] INFO  hotel.HibernateUtil - Creating session factory
2026-02-22 20:28:03.050 [main] INFO  org.hibernate.Version - HHH000412: Hibernate ORM core version 5.6.15.Final
2026-02-22 20:28:03.824 [main] INFO  o.h.annotations.common.Version - HCANN000001: Hibernate Commons Annotations {5.1.2.Final}
2026-02-22 20:28:04.514 [main] WARN  o.hibernate.orm.connections.pooling - HHH10001002: Using Hibernate built-in connection pool (not for production use!)
2026-02-22 20:28:04.528 [main] INFO  o.hibernate.orm.connections.pooling - HHH10001005: using driver [org.postgresql.Driver] at URL [jdbc:postgresql://localhost:5432/hotel_management]
2026-02-22 20:28:04.530 [main] INFO  o.hibernate.orm.connections.pooling - HHH10001001: Connection properties: {password=****, autocommit=false, user=postgres}
2026-02-22 20:28:04.530 [main] INFO  o.hibernate.orm.connections.pooling - HHH10001003: Autocommit mode: false
2026-02-22 20:28:04.545 [main] INFO  o.h.e.j.c.i.DriverManagerConnectionProviderImpl - HHH000115: Hibernate connection pool size: 20 (min=1)
2026-02-22 20:28:05.473 [main] INFO  org.hibernate.dialect.Dialect - HHH000400: Using dialect: org.hibernate.dialect.PostgreSQLDialect
2026-02-22 20:28:08.522 [main] INFO  hotel.HibernateUtil - Created session factory
2026-02-22 20:28:16.928 [main] INFO  hotel.service.ClientService - getInfoAboutClientDatabase() with filter: ID
2026-02-22 22:24:17.410 [main] INFO  org.hibernate.Version - HHH000412: Hibernate ORM core version 5.6.15.Final
2026-02-22 22:24:17.831 [main] INFO  o.h.annotations.common.Version - HCANN000001: Hibernate Commons Annotations {5.1.2.Final}
2026-02-22 22:24:17.984 [main] WARN  o.hibernate.orm.connections.pooling - HHH10001002: Using Hibernate built-in connection pool (not for production use!)
2026-02-22 22:24:17.990 [main] INFO  o.hibernate.orm.connections.pooling - HHH10001005: using driver [org.postgresql.Driver] at URL [jdbc:postgresql://localhost:5432/hotel_management]
2026-02-22 22:24:17.990 [main] INFO  o.hibernate.orm.connections.pooling - HHH10001001: Connection properties: {password=****, autocommit=false, user=postgres}
2026-02-22 22:24:17.990 [main] INFO  o.hibernate.orm.connections.pooling - HHH10001003: Autocommit mode: false
2026-02-22 22:24:17.991 [main] INFO  o.h.e.j.c.i.DriverManagerConnectionProviderImpl - HHH000115: Hibernate connection pool size: 20 (min=1)
2026-02-22 22:24:18.192 [main] INFO  org.hibernate.dialect.Dialect - HHH000400: Using dialect: org.hibernate.dialect.PostgreSQLDialect
2026-02-22 22:24:20.853 [main] DEBUG hotel.service.BookingService - getAllBookings()
2026-02-22 22:24:21.069 [main] INFO  hotel.service.BookingService - bookings found
