2026-02-15 15:13:17.936 [main] INFO  hotel.service.BookingService - getAllBookings()
2026-02-15 15:13:18.005 [main] INFO  org.hibernate.Version - HHH000412: Hibernate ORM core version 5.6.15.Final
2026-02-15 15:13:18.412 [main] INFO  o.h.annotations.common.Version - HCANN000001: Hibernate Commons Annotations {5.1.2.Final}
2026-02-15 15:13:18.541 [main] WARN  o.hibernate.orm.connections.pooling - HHH10001002: Using Hibernate built-in connection pool (not for production use!)
2026-02-15 15:13:18.546 [main] INFO  o.hibernate.orm.connections.pooling - HHH10001005: using driver [org.postgresql.Driver] at URL [jdbc:postgresql://localhost:5432/hotel_management]
2026-02-15 15:13:18.547 [main] INFO  o.hibernate.orm.connections.pooling - HHH10001001: Connection properties: {password=****, user=postgres}
2026-02-15 15:13:18.547 [main] INFO  o.hibernate.orm.connections.pooling - HHH10001003: Autocommit mode: false
2026-02-15 15:13:18.550 [main] INFO  o.h.e.j.c.i.DriverManagerConnectionProviderImpl - HHH000115: Hibernate connection pool size: 20 (min=1)
2026-02-15 15:13:18.847 [main] INFO  org.hibernate.dialect.Dialect - HHH000400: Using dialect: org.hibernate.dialect.PostgreSQLDialect
2026-02-15 15:13:19.405 [main] INFO  o.h.e.t.j.p.i.JtaPlatformInitiator - HHH000490: Using JtaPlatform implementation: [org.hibernate.engine.transaction.jta.platform.internal.NoJtaPlatform]
2026-02-15 15:13:19.452 [main] ERROR hotel.service.BookingService - org.hibernate.HibernateException: No CurrentSessionContext configured!
2026-02-15 15:37:10.467 [main] INFO  org.hibernate.Version - HHH000412: Hibernate ORM core version 5.6.15.Final
2026-02-15 15:37:11.223 [main] INFO  o.h.annotations.common.Version - HCANN000001: Hibernate Commons Annotations {5.1.2.Final}
2026-02-15 15:37:11.471 [main] WARN  o.hibernate.orm.connections.pooling - HHH10001002: Using Hibernate built-in connection pool (not for production use!)
2026-02-15 15:37:11.475 [main] INFO  o.hibernate.orm.connections.pooling - HHH10001005: using driver [org.postgresql.Driver] at URL [jdbc:postgresql://localhost:5432/hotel_management]
2026-02-15 15:37:11.477 [main] INFO  o.hibernate.orm.connections.pooling - HHH10001001: Connection properties: {password=****, user=postgres}
2026-02-15 15:37:11.477 [main] INFO  o.hibernate.orm.connections.pooling - HHH10001003: Autocommit mode: false
2026-02-15 15:37:11.485 [main] INFO  o.h.e.j.c.i.DriverManagerConnectionProviderImpl - HHH000115: Hibernate connection pool size: 20 (min=1)
2026-02-15 15:37:11.829 [main] INFO  org.hibernate.dialect.Dialect - HHH000400: Using dialect: org.hibernate.dialect.PostgreSQLDialect
2026-02-15 15:37:12.882 [main] INFO  o.h.e.t.j.p.i.JtaPlatformInitiator - HHH000490: Using JtaPlatform implementation: [org.hibernate.engine.transaction.jta.platform.internal.NoJtaPlatform]
2026-02-15 15:37:20.902 [main] INFO  hotel.service.BookingService - getAllBookings()
2026-02-15 15:37:20.909 [main] ERROR hotel.service.BookingService - org.hibernate.HibernateException: No CurrentSessionContext configured!
2026-02-15 16:00:51.075 [main] INFO  hotel.service.BookingService - getAllBookings()
2026-02-15 16:00:51.204 [main] INFO  org.hibernate.Version - HHH000412: Hibernate ORM core version 5.6.15.Final
2026-02-15 16:00:51.975 [main] INFO  o.h.annotations.common.Version - HCANN000001: Hibernate Commons Annotations {5.1.2.Final}
2026-02-15 16:00:52.270 [main] WARN  o.hibernate.orm.connections.pooling - HHH10001002: Using Hibernate built-in connection pool (not for production use!)
2026-02-15 16:00:52.277 [main] INFO  o.hibernate.orm.connections.pooling - HHH10001005: using driver [org.postgresql.Driver] at URL [jdbc:postgresql://localhost:5432/hotel_management]
2026-02-15 16:00:52.277 [main] INFO  o.hibernate.orm.connections.pooling - HHH10001001: Connection properties: {password=****, user=postgres}
2026-02-15 16:00:52.278 [main] INFO  o.hibernate.orm.connections.pooling - HHH10001003: Autocommit mode: false
2026-02-15 16:00:52.283 [main] INFO  o.h.e.j.c.i.DriverManagerConnectionProviderImpl - HHH000115: Hibernate connection pool size: 20 (min=1)
2026-02-15 16:00:52.652 [main] INFO  org.hibernate.dialect.Dialect - HHH000400: Using dialect: org.hibernate.dialect.PostgreSQLDialect
2026-02-15 16:00:54.153 [main] INFO  hotel.service.BookingService - getAllBookings(): bookings size: 4
2026-02-15 16:05:12.133 [main] INFO  hotel.service.BookingService - getAllBookings()
2026-02-15 16:05:12.254 [main] INFO  org.hibernate.Version - HHH000412: Hibernate ORM core version 5.6.15.Final
2026-02-15 16:05:12.955 [main] INFO  o.h.annotations.common.Version - HCANN000001: Hibernate Commons Annotations {5.1.2.Final}
2026-02-15 16:05:13.216 [main] WARN  o.hibernate.orm.connections.pooling - HHH10001002: Using Hibernate built-in connection pool (not for production use!)
2026-02-15 16:05:13.223 [main] INFO  o.hibernate.orm.connections.pooling - HHH10001005: using driver [org.postgresql.Driver] at URL [jdbc:postgresql://localhost:5432/hotel_management]
2026-02-15 16:05:13.224 [main] INFO  o.hibernate.orm.connections.pooling - HHH10001001: Connection properties: {password=****, user=postgres}
2026-02-15 16:05:13.224 [main] INFO  o.hibernate.orm.connections.pooling - HHH10001003: Autocommit mode: false
2026-02-15 16:05:13.229 [main] INFO  o.h.e.j.c.i.DriverManagerConnectionProviderImpl - HHH000115: Hibernate connection pool size: 20 (min=1)
2026-02-15 16:05:13.564 [main] INFO  org.hibernate.dialect.Dialect - HHH000400: Using dialect: org.hibernate.dialect.PostgreSQLDialect
2026-02-15 16:05:14.722 [main] ERROR hotel.service.BookingService - Cannot invoke "org.hibernate.Session.createQuery(String, java.lang.Class)" because "this.session" is null
2026-02-15 16:21:12.156 [main] INFO  hotel.service.BookingService - getAllBookings()
2026-02-15 16:21:12.254 [main] INFO  org.hibernate.Version - HHH000412: Hibernate ORM core version 5.6.15.Final
2026-02-15 16:21:12.959 [main] INFO  o.h.annotations.common.Version - HCANN000001: Hibernate Commons Annotations {5.1.2.Final}
2026-02-15 16:21:13.220 [main] WARN  o.hibernate.orm.connections.pooling - HHH10001002: Using Hibernate built-in connection pool (not for production use!)
2026-02-15 16:21:13.226 [main] INFO  o.hibernate.orm.connections.pooling - HHH10001005: using driver [org.postgresql.Driver] at URL [jdbc:postgresql://localhost:5432/hotel_management]
2026-02-15 16:21:13.226 [main] INFO  o.hibernate.orm.connections.pooling - HHH10001001: Connection properties: {password=****, user=postgres}
2026-02-15 16:21:13.227 [main] INFO  o.hibernate.orm.connections.pooling - HHH10001003: Autocommit mode: false
2026-02-15 16:21:13.231 [main] INFO  o.h.e.j.c.i.DriverManagerConnectionProviderImpl - HHH000115: Hibernate connection pool size: 20 (min=1)
2026-02-15 16:21:13.616 [main] INFO  org.hibernate.dialect.Dialect - HHH000400: Using dialect: org.hibernate.dialect.PostgreSQLDialect
2026-02-15 16:21:15.075 [main] INFO  hotel.service.BookingService - getAllBookings(): bookings size: 4
2026-02-15 16:21:15.076 [main] INFO  hotel.service.ClientService - findById()
